<?xml version="1.0" encoding="UTF-8"?>
<!-- Generated by org.testng.reporters.JUnitReportReporter -->
<testsuite hostname="DESKTOP-IT377E7" failures="0" tests="1" name="Academy.validateTitle" time="0.029" errors="0" timestamp="2021-12-31T16:08:03 CST" skipped="0">
  <testcase classname="Academy.validateTitle" name="validateAppTitle" time="0.029"/>
  <system-out/>
</testsuite> <!-- Academy.validateTitle -->
