<?xml version="1.0" encoding="UTF-8"?>
<!-- Generated by org.testng.reporters.JUnitReportReporter -->
<testsuite hostname="DESKTOP-IT377E7" name="Academy.HomePage" tests="2" failures="0" timestamp="1 Jan 2022 04:43:29 GMT" time="17.834" errors="0">
  <testcase name="basePageNavigation" time="3.658" classname="Academy.HomePage"/>
  <testcase name="basePageNavigation" time="14.176" classname="Academy.HomePage"/>
</testsuite> <!-- Academy.HomePage -->
