<?xml version="1.0" encoding="UTF-8"?>
<!-- Generated by org.testng.reporters.JUnitReportReporter -->
<testsuite hostname="DESKTOP-IT377E7" name="Academy.validateTitle" tests="1" failures="0" timestamp="1 Jan 2022 04:43:29 GMT" time="0.032" errors="0">
  <testcase name="validateAppTitle" time="0.032" classname="Academy.validateTitle"/>
</testsuite> <!-- Academy.validateTitle -->
